{"C:\\Start\\react-task\\src\\components\\atoms\\Button.tsx": {"path":"C:\\Start\\react-task\\src\\components\\atoms\\Button.tsx","statementMap":{"0":{"start":{"line":11,"column":41},"end":{"line":17,"column":1}},"1":{"start":{"line":12,"column":2},"end":{"line":16,"column":4}},"2":{"start":{"line":19,"column":0},"end":{"line":19,"column":22}}},"fnMap":{"0":{"name":"(anonymous_0)","decl":{"start":{"line":11,"column":41},"end":{"line":11,"column":42}},"loc":{"start":{"line":11,"column":87},"end":{"line":17,"column":1}}}},"branchMap":{"0":{"loc":{"start":{"line":11,"column":65},"end":{"line":11,"column":81}},"type":"default-arg","locations":[{"start":{"line":11,"column":76},"end":{"line":11,"column":81}}]}},"s":{"0":3,"1":22,"2":3},"f":{"0":22},"b":{"0":[22]}}
,"C:\\Start\\react-task\\src\\components\\atoms\\Input.tsx": {"path":"C:\\Start\\react-task\\src\\components\\atoms\\Input.tsx","statementMap":{"0":{"start":{"line":16,"column":36},"end":{"line":42,"column":1}},"1":{"start":{"line":27,"column":2},"end":{"line":41,"column":4}},"2":{"start":{"line":44,"column":0},"end":{"line":44,"column":21}}},"fnMap":{"0":{"name":"(anonymous_0)","decl":{"start":{"line":16,"column":36},"end":{"line":16,"column":37}},"loc":{"start":{"line":26,"column":5},"end":{"line":42,"column":1}}}},"branchMap":{"0":{"loc":{"start":{"line":39,"column":7},"end":{"line":39,"column":55}},"type":"binary-expr","locations":[{"start":{"line":39,"column":7},"end":{"line":39,"column":12}},{"start":{"line":39,"column":16},"end":{"line":39,"column":55}}]}},"s":{"0":2,"1":49,"2":2},"f":{"0":49},"b":{"0":[49,0]}}
,"C:\\Start\\react-task\\src\\components\\atoms\\Option.tsx": {"path":"C:\\Start\\react-task\\src\\components\\atoms\\Option.tsx","statementMap":{"0":{"start":{"line":8,"column":42},"end":{"line":14,"column":1}},"1":{"start":{"line":9,"column":2},"end":{"line":13,"column":4}},"2":{"start":{"line":16,"column":0},"end":{"line":16,"column":22}}},"fnMap":{"0":{"name":"(anonymous_0)","decl":{"start":{"line":8,"column":42},"end":{"line":8,"column":43}},"loc":{"start":{"line":8,"column":63},"end":{"line":14,"column":1}}}},"branchMap":{},"s":{"0":2,"1":28,"2":2},"f":{"0":28},"b":{}}
,"C:\\Start\\react-task\\src\\components\\atoms\\Select.tsx": {"path":"C:\\Start\\react-task\\src\\components\\atoms\\Select.tsx","statementMap":{"0":{"start":{"line":2,"column":0},"end":{"line":2,"column":30}},"1":{"start":{"line":3,"column":0},"end":{"line":3,"column":47}},"2":{"start":{"line":17,"column":42},"end":{"line":30,"column":1}},"3":{"start":{"line":18,"column":14},"end":{"line":18,"column":30}},"4":{"start":{"line":19,"column":2},"end":{"line":29,"column":4}},"5":{"start":{"line":24,"column":10},"end":{"line":24,"column":37}},"6":{"start":{"line":32,"column":0},"end":{"line":32,"column":22}}},"fnMap":{"0":{"name":"(anonymous_1)","decl":{"start":{"line":17,"column":42},"end":{"line":17,"column":43}},"loc":{"start":{"line":17,"column":139},"end":{"line":30,"column":1}}},"1":{"name":"(anonymous_2)","decl":{"start":{"line":23,"column":21},"end":{"line":23,"column":22}},"loc":{"start":{"line":24,"column":10},"end":{"line":24,"column":37}}}},"branchMap":{"0":{"loc":{"start":{"line":27,"column":7},"end":{"line":27,"column":55}},"type":"binary-expr","locations":[{"start":{"line":27,"column":7},"end":{"line":27,"column":12}},{"start":{"line":27,"column":16},"end":{"line":27,"column":55}}]}},"s":{"0":2,"1":2,"2":2,"3":14,"4":14,"5":28,"6":2},"f":{"0":14,"1":28},"b":{"0":[14,0]}}
,"C:\\Start\\react-task\\src\\components\\molecules\\AuthForm.tsx": {"path":"C:\\Start\\react-task\\src\\components\\molecules\\AuthForm.tsx","statementMap":{"0":{"start":{"line":2,"column":0},"end":{"line":2,"column":35}},"1":{"start":{"line":3,"column":0},"end":{"line":3,"column":37}},"2":{"start":{"line":4,"column":0},"end":{"line":4,"column":60}},"3":{"start":{"line":5,"column":0},"end":{"line":5,"column":null}},"4":{"start":{"line":11,"column":0},"end":{"line":11,"column":57}},"5":{"start":{"line":12,"column":0},"end":{"line":12,"column":54}},"6":{"start":{"line":13,"column":0},"end":{"line":13,"column":null}},"7":{"start":{"line":17,"column":0},"end":{"line":17,"column":37}},"8":{"start":{"line":18,"column":0},"end":{"line":18,"column":62}},"9":{"start":{"line":19,"column":0},"end":{"line":19,"column":47}},"10":{"start":{"line":20,"column":0},"end":{"line":20,"column":43}},"11":{"start":{"line":26,"column":42},"end":{"line":243,"column":1}},"12":{"start":{"line":27,"column":19},"end":{"line":27,"column":32}},"13":{"start":{"line":28,"column":16},"end":{"line":28,"column":32}},"14":{"start":{"line":29,"column":38},"end":{"line":29,"column":57}},"15":{"start":{"line":31,"column":17},"end":{"line":31,"column":71}},"16":{"start":{"line":36,"column":6},"end":{"line":38,"column":4}},"17":{"start":{"line":40,"column":39},"end":{"line":52,"column":3}},"18":{"start":{"line":41,"column":4},"end":{"line":51,"column":5}},"19":{"start":{"line":42,"column":6},"end":{"line":42,"column":72}},"20":{"start":{"line":44,"column":6},"end":{"line":50,"column":9}},"21":{"start":{"line":54,"column":2},"end":{"line":242,"column":4}},"22":{"start":{"line":210,"column":16},"end":{"line":210,"column":35}},"23":{"start":{"line":211,"column":16},"end":{"line":211,"column":38}},"24":{"start":{"line":232,"column":16},"end":{"line":232,"column":39}},"25":{"start":{"line":233,"column":16},"end":{"line":233,"column":35}},"26":{"start":{"line":245,"column":0},"end":{"line":245,"column":24}}},"fnMap":{"0":{"name":"(anonymous_1)","decl":{"start":{"line":26,"column":42},"end":{"line":26,"column":43}},"loc":{"start":{"line":26,"column":59},"end":{"line":243,"column":1}}},"1":{"name":"(anonymous_2)","decl":{"start":{"line":40,"column":39},"end":{"line":40,"column":40}},"loc":{"start":{"line":40,"column":48},"end":{"line":52,"column":3}}},"2":{"name":"(anonymous_3)","decl":{"start":{"line":66,"column":34},"end":{"line":66,"column":37}},"loc":{"start":{"line":66,"column":39},"end":{"line":66,"column":42}}},"3":{"name":"(anonymous_4)","decl":{"start":{"line":82,"column":34},"end":{"line":82,"column":37}},"loc":{"start":{"line":82,"column":39},"end":{"line":82,"column":42}}},"4":{"name":"(anonymous_5)","decl":{"start":{"line":98,"column":34},"end":{"line":98,"column":37}},"loc":{"start":{"line":98,"column":39},"end":{"line":98,"column":42}}},"5":{"name":"(anonymous_6)","decl":{"start":{"line":114,"column":34},"end":{"line":114,"column":37}},"loc":{"start":{"line":114,"column":39},"end":{"line":114,"column":42}}},"6":{"name":"(anonymous_7)","decl":{"start":{"line":129,"column":34},"end":{"line":129,"column":37}},"loc":{"start":{"line":129,"column":39},"end":{"line":129,"column":42}}},"7":{"name":"(anonymous_8)","decl":{"start":{"line":150,"column":34},"end":{"line":150,"column":37}},"loc":{"start":{"line":150,"column":39},"end":{"line":150,"column":42}}},"8":{"name":"(anonymous_9)","decl":{"start":{"line":166,"column":34},"end":{"line":166,"column":37}},"loc":{"start":{"line":166,"column":39},"end":{"line":166,"column":42}}},"9":{"name":"(anonymous_10)","decl":{"start":{"line":209,"column":23},"end":{"line":209,"column":24}},"loc":{"start":{"line":209,"column":29},"end":{"line":212,"column":15}}},"10":{"name":"(anonymous_11)","decl":{"start":{"line":231,"column":23},"end":{"line":231,"column":24}},"loc":{"start":{"line":231,"column":33},"end":{"line":234,"column":15}}}},"branchMap":{"0":{"loc":{"start":{"line":31,"column":17},"end":{"line":31,"column":71}},"type":"cond-expr","locations":[{"start":{"line":31,"column":43},"end":{"line":31,"column":57}},{"start":{"line":31,"column":60},"end":{"line":31,"column":71}}]},"1":{"loc":{"start":{"line":41,"column":4},"end":{"line":51,"column":5}},"type":"if","locations":[{"start":{"line":41,"column":4},"end":{"line":51,"column":5}},{"start":{"line":43,"column":11},"end":{"line":51,"column":5}}]},"2":{"loc":{"start":{"line":58,"column":11},"end":{"line":58,"column":78}},"type":"cond-expr","locations":[{"start":{"line":58,"column":34},"end":{"line":58,"column":53}},{"start":{"line":58,"column":56},"end":{"line":58,"column":78}}]},"3":{"loc":{"start":{"line":61,"column":11},"end":{"line":142,"column":null}},"type":"binary-expr","locations":[{"start":{"line":61,"column":11},"end":{"line":61,"column":34}},{"start":{"line":62,"column":12},"end":{"line":141,"column":null}}]},"4":{"loc":{"start":{"line":73,"column":20},"end":{"line":75,"column":33}},"type":"cond-expr","locations":[{"start":{"line":74,"column":25},"end":{"line":74,"column":60}},{"start":{"line":75,"column":24},"end":{"line":75,"column":33}}]},"5":{"loc":{"start":{"line":89,"column":20},"end":{"line":91,"column":33}},"type":"cond-expr","locations":[{"start":{"line":90,"column":25},"end":{"line":90,"column":61}},{"start":{"line":91,"column":24},"end":{"line":91,"column":33}}]},"6":{"loc":{"start":{"line":105,"column":20},"end":{"line":107,"column":33}},"type":"cond-expr","locations":[{"start":{"line":106,"column":25},"end":{"line":106,"column":64}},{"start":{"line":107,"column":24},"end":{"line":107,"column":33}}]},"7":{"loc":{"start":{"line":117,"column":20},"end":{"line":119,"column":33}},"type":"cond-expr","locations":[{"start":{"line":118,"column":25},"end":{"line":118,"column":60}},{"start":{"line":119,"column":24},"end":{"line":119,"column":33}}]},"8":{"loc":{"start":{"line":136,"column":20},"end":{"line":138,"column":33}},"type":"cond-expr","locations":[{"start":{"line":137,"column":25},"end":{"line":137,"column":59}},{"start":{"line":138,"column":24},"end":{"line":138,"column":33}}]},"9":{"loc":{"start":{"line":145,"column":11},"end":{"line":179,"column":null}},"type":"binary-expr","locations":[{"start":{"line":145,"column":11},"end":{"line":145,"column":31}},{"start":{"line":146,"column":12},"end":{"line":178,"column":null}}]},"10":{"loc":{"start":{"line":157,"column":20},"end":{"line":159,"column":33}},"type":"cond-expr","locations":[{"start":{"line":158,"column":25},"end":{"line":158,"column":61}},{"start":{"line":159,"column":24},"end":{"line":159,"column":33}}]},"11":{"loc":{"start":{"line":173,"column":20},"end":{"line":175,"column":33}},"type":"cond-expr","locations":[{"start":{"line":174,"column":25},"end":{"line":174,"column":64}},{"start":{"line":175,"column":24},"end":{"line":175,"column":33}}]},"12":{"loc":{"start":{"line":184,"column":18},"end":{"line":184,"column":87}},"type":"cond-expr","locations":[{"start":{"line":184,"column":41},"end":{"line":184,"column":61}},{"start":{"line":184,"column":64},"end":{"line":184,"column":87}}]},"13":{"loc":{"start":{"line":197,"column":9},"end":{"line":216,"column":null}},"type":"binary-expr","locations":[{"start":{"line":197,"column":9},"end":{"line":197,"column":29}},{"start":{"line":198,"column":10},"end":{"line":215,"column":null}}]},"14":{"loc":{"start":{"line":219,"column":9},"end":{"line":238,"column":null}},"type":"binary-expr","locations":[{"start":{"line":219,"column":9},"end":{"line":219,"column":32}},{"start":{"line":220,"column":10},"end":{"line":237,"column":null}}]}},"s":{"0":1,"1":1,"2":1,"3":1,"4":1,"5":1,"6":1,"7":1,"8":1,"9":1,"10":1,"11":1,"12":15,"13":15,"14":15,"15":15,"16":15,"17":15,"18":2,"19":1,"20":1,"21":15,"22":1,"23":1,"24":1,"25":1,"26":1},"f":{"0":15,"1":2,"2":0,"3":0,"4":0,"5":0,"6":0,"7":0,"8":0,"9":1,"10":1},"b":{"0":[9,6],"1":[1,1],"2":[6,9],"3":[15,9],"4":[6,3],"5":[5,4],"6":[4,5],"7":[3,6],"8":[2,7],"9":[15,6],"10":[3,3],"11":[2,4],"12":[6,9],"13":[15,6],"14":[15,9]}}
,"C:\\Start\\react-task\\src\\components\\molecules\\LanguageSelector.tsx": {"path":"C:\\Start\\react-task\\src\\components\\molecules\\LanguageSelector.tsx","statementMap":{"0":{"start":{"line":1,"column":0},"end":{"line":1,"column":34}},"1":{"start":{"line":2,"column":0},"end":{"line":2,"column":47}},"2":{"start":{"line":3,"column":0},"end":{"line":3,"column":37}},"3":{"start":{"line":4,"column":0},"end":{"line":4,"column":55}},"4":{"start":{"line":6,"column":0},"end":{"line":6,"column":64}},"5":{"start":{"line":7,"column":0},"end":{"line":7,"column":82}},"6":{"start":{"line":9,"column":35},"end":{"line":43,"column":1}},"7":{"start":{"line":10,"column":19},"end":{"line":10,"column":35}},"8":{"start":{"line":11,"column":19},"end":{"line":11,"column":32}},"9":{"start":{"line":13,"column":28},"end":{"line":17,"column":3}},"10":{"start":{"line":14,"column":29},"end":{"line":14,"column":43}},"11":{"start":{"line":15,"column":4},"end":{"line":15,"column":42}},"12":{"start":{"line":16,"column":4},"end":{"line":16,"column":44}},"13":{"start":{"line":19,"column":26},"end":{"line":20,"column":null}},"14":{"start":{"line":20,"column":26},"end":{"line":20,"column":45}},"15":{"start":{"line":23,"column":2},"end":{"line":27,"column":31}},"16":{"start":{"line":24,"column":4},"end":{"line":26,"column":5}},"17":{"start":{"line":25,"column":6},"end":{"line":25,"column":43}},"18":{"start":{"line":29,"column":2},"end":{"line":42,"column":4}},"19":{"start":{"line":45,"column":0},"end":{"line":45,"column":32}}},"fnMap":{"0":{"name":"(anonymous_1)","decl":{"start":{"line":9,"column":35},"end":{"line":9,"column":38}},"loc":{"start":{"line":9,"column":40},"end":{"line":43,"column":1}}},"1":{"name":"(anonymous_2)","decl":{"start":{"line":13,"column":28},"end":{"line":13,"column":29}},"loc":{"start":{"line":13,"column":72},"end":{"line":17,"column":3}}},"2":{"name":"(anonymous_3)","decl":{"start":{"line":20,"column":4},"end":{"line":20,"column":5}},"loc":{"start":{"line":20,"column":26},"end":{"line":20,"column":45}}},"3":{"name":"(anonymous_4)","decl":{"start":{"line":23,"column":12},"end":{"line":23,"column":15}},"loc":{"start":{"line":23,"column":17},"end":{"line":27,"column":3}}}},"branchMap":{"0":{"loc":{"start":{"line":24,"column":4},"end":{"line":26,"column":5}},"type":"if","locations":[{"start":{"line":24,"column":4},"end":{"line":26,"column":5}}]}},"s":{"0":1,"1":1,"2":1,"3":1,"4":1,"5":1,"6":1,"7":5,"8":5,"9":5,"10":0,"11":0,"12":0,"13":5,"14":0,"15":5,"16":5,"17":5,"18":5,"19":1},"f":{"0":5,"1":0,"2":0,"3":5},"b":{"0":[5]}}
,"C:\\Start\\react-task\\src\\components\\organisms\\Navbar.tsx": {"path":"C:\\Start\\react-task\\src\\components\\organisms\\Navbar.tsx","statementMap":{"0":{"start":{"line":1,"column":0},"end":{"line":1,"column":33}},"1":{"start":{"line":2,"column":0},"end":{"line":2,"column":42}},"2":{"start":{"line":3,"column":0},"end":{"line":3,"column":53}},"3":{"start":{"line":4,"column":0},"end":{"line":4,"column":74}},"4":{"start":{"line":5,"column":0},"end":{"line":5,"column":37}},"5":{"start":{"line":6,"column":0},"end":{"line":6,"column":null}},"6":{"start":{"line":17,"column":0},"end":{"line":17,"column":42}},"7":{"start":{"line":18,"column":0},"end":{"line":18,"column":61}},"8":{"start":{"line":19,"column":0},"end":{"line":19,"column":47}},"9":{"start":{"line":34,"column":42},"end":{"line":88,"column":1}},"10":{"start":{"line":35,"column":14},"end":{"line":35,"column":30}},"11":{"start":{"line":36,"column":19},"end":{"line":36,"column":32}},"12":{"start":{"line":37,"column":19},"end":{"line":37,"column":32}},"13":{"start":{"line":38,"column":15},"end":{"line":38,"column":24}},"14":{"start":{"line":39,"column":42},"end":{"line":39,"column":57}},"15":{"start":{"line":41,"column":23},"end":{"line":45,"column":3}},"16":{"start":{"line":43,"column":4},"end":{"line":43,"column":55}},"17":{"start":{"line":44,"column":4},"end":{"line":44,"column":null}},"18":{"start":{"line":47,"column":30},"end":{"line":51,"column":3}},"19":{"start":{"line":48,"column":4},"end":{"line":50,"column":5}},"20":{"start":{"line":49,"column":6},"end":{"line":49,"column":25}},"21":{"start":{"line":53,"column":2},"end":{"line":87,"column":4}},"22":{"start":{"line":65,"column":40},"end":{"line":65,"column":70}},"23":{"start":{"line":90,"column":0},"end":{"line":90,"column":22}}},"fnMap":{"0":{"name":"(anonymous_1)","decl":{"start":{"line":34,"column":42},"end":{"line":34,"column":43}},"loc":{"start":{"line":34,"column":68},"end":{"line":88,"column":1}}},"1":{"name":"(anonymous_2)","decl":{"start":{"line":41,"column":23},"end":{"line":41,"column":26}},"loc":{"start":{"line":41,"column":28},"end":{"line":45,"column":3}}},"2":{"name":"(anonymous_3)","decl":{"start":{"line":47,"column":30},"end":{"line":47,"column":33}},"loc":{"start":{"line":47,"column":35},"end":{"line":51,"column":3}}},"3":{"name":"(anonymous_4)","decl":{"start":{"line":65,"column":34},"end":{"line":65,"column":37}},"loc":{"start":{"line":65,"column":40},"end":{"line":65,"column":70}}}},"branchMap":{"0":{"loc":{"start":{"line":48,"column":4},"end":{"line":50,"column":5}},"type":"if","locations":[{"start":{"line":48,"column":4},"end":{"line":50,"column":5}}]},"1":{"loc":{"start":{"line":57,"column":9},"end":{"line":62,"column":null}},"type":"binary-expr","locations":[{"start":{"line":57,"column":9},"end":{"line":57,"column":25}},{"start":{"line":58,"column":10},"end":{"line":61,"column":null}}]}},"s":{"0":1,"1":1,"2":1,"3":1,"4":1,"5":1,"6":1,"7":1,"8":1,"9":1,"10":5,"11":5,"12":5,"13":5,"14":5,"15":5,"16":1,"17":1,"18":5,"19":1,"20":1,"21":5,"22":1,"23":1},"f":{"0":5,"1":1,"2":1,"3":1},"b":{"0":[1],"1":[5,1]}}
,"C:\\Start\\react-task\\src\\components\\styles\\AuthFormStyles.ts": {"path":"C:\\Start\\react-task\\src\\components\\styles\\AuthFormStyles.ts","statementMap":{"0":{"start":{"line":1,"column":0},"end":{"line":1,"column":39}},"1":{"start":{"line":3,"column":13},"end":{"line":14,"column":2}},"2":{"start":{"line":16,"column":13},"end":{"line":21,"column":2}},"3":{"start":{"line":23,"column":13},"end":{"line":41,"column":2}},"4":{"start":{"line":43,"column":13},"end":{"line":69,"column":2}},"5":{"start":{"line":71,"column":13},"end":{"line":88,"column":2}},"6":{"start":{"line":90,"column":13},"end":{"line":98,"column":2}},"7":{"start":{"line":100,"column":13},"end":{"line":108,"column":2}}},"fnMap":{},"branchMap":{},"s":{"0":1,"1":1,"2":1,"3":1,"4":1,"5":1,"6":1,"7":1},"f":{},"b":{}}
,"C:\\Start\\react-task\\src\\components\\styles\\NavBarStyles.ts": {"path":"C:\\Start\\react-task\\src\\components\\styles\\NavBarStyles.ts","statementMap":{"0":{"start":{"line":1,"column":0},"end":{"line":1,"column":39}},"1":{"start":{"line":3,"column":13},"end":{"line":10,"column":2}},"2":{"start":{"line":12,"column":13},"end":{"line":15,"column":2}},"3":{"start":{"line":17,"column":13},"end":{"line":22,"column":2}},"4":{"start":{"line":24,"column":13},"end":{"line":26,"column":2}},"5":{"start":{"line":28,"column":13},"end":{"line":37,"column":2}},"6":{"start":{"line":39,"column":13},"end":{"line":53,"column":4}},"7":{"start":{"line":50,"column":31},"end":{"line":50,"column":58}},"8":{"start":{"line":51,"column":28},"end":{"line":51,"column":44}},"9":{"start":{"line":55,"column":15},"end":{"line":81,"column":2}},"10":{"start":{"line":83,"column":13},"end":{"line":109,"column":2}},"11":{"start":{"line":111,"column":13},"end":{"line":124,"column":2}}},"fnMap":{"0":{"name":"(anonymous_1)","decl":{"start":{"line":50,"column":16},"end":{"line":50,"column":17}},"loc":{"start":{"line":50,"column":31},"end":{"line":50,"column":58}}},"1":{"name":"(anonymous_2)","decl":{"start":{"line":51,"column":13},"end":{"line":51,"column":14}},"loc":{"start":{"line":51,"column":28},"end":{"line":51,"column":44}}}},"branchMap":{"0":{"loc":{"start":{"line":50,"column":31},"end":{"line":50,"column":58}},"type":"cond-expr","locations":[{"start":{"line":50,"column":38},"end":{"line":50,"column":47}},{"start":{"line":50,"column":50},"end":{"line":50,"column":58}}]},"1":{"loc":{"start":{"line":51,"column":28},"end":{"line":51,"column":44}},"type":"cond-expr","locations":[{"start":{"line":51,"column":35},"end":{"line":51,"column":38}},{"start":{"line":51,"column":41},"end":{"line":51,"column":44}}]}},"s":{"0":1,"1":1,"2":1,"3":1,"4":1,"5":1,"6":1,"7":5,"8":5,"9":1,"10":1,"11":1},"f":{"0":5,"1":5},"b":{"0":[1,4],"1":[1,4]}}
,"C:\\Start\\react-task\\src\\context\\user\\AuthProvider.tsx": {"path":"C:\\Start\\react-task\\src\\context\\user\\AuthProvider.tsx","statementMap":{"0":{"start":{"line":1,"column":0},"end":{"line":1,"column":70}},"1":{"start":{"line":2,"column":0},"end":{"line":2,"column":42}},"2":{"start":{"line":4,"column":0},"end":{"line":4,"column":62}},"3":{"start":{"line":23,"column":21},"end":{"line":51,"column":1}},"4":{"start":{"line":24,"column":16},"end":{"line":24,"column":67}},"5":{"start":{"line":24,"column":50},"end":{"line":24,"column":66}},"6":{"start":{"line":25,"column":40},"end":{"line":25,"column":74}},"7":{"start":{"line":27,"column":21},"end":{"line":27,"column":41}},"8":{"start":{"line":29,"column":2},"end":{"line":44,"column":26}},"9":{"start":{"line":30,"column":29},"end":{"line":39,"column":5}},"10":{"start":{"line":31,"column":6},"end":{"line":38,"column":7}},"11":{"start":{"line":32,"column":29},"end":{"line":32,"column":47}},"12":{"start":{"line":33,"column":21},"end":{"line":33,"column":50}},"13":{"start":{"line":35,"column":8},"end":{"line":35,"column":37}},"14":{"start":{"line":37,"column":8},"end":{"line":37,"column":69}},"15":{"start":{"line":41,"column":4},"end":{"line":43,"column":5}},"16":{"start":{"line":42,"column":6},"end":{"line":42,"column":25}},"17":{"start":{"line":46,"column":2},"end":{"line":50,"column":4}},"18":{"start":{"line":57,"column":9},"end":{"line":57,"column":21}},"19":{"start":{"line":53,"column":13},"end":{"line":55,"column":2}}},"fnMap":{"0":{"name":"(anonymous_0)","decl":{"start":{"line":23,"column":21},"end":{"line":23,"column":22}},"loc":{"start":{"line":23,"column":57},"end":{"line":51,"column":1}}},"1":{"name":"(anonymous_1)","decl":{"start":{"line":24,"column":28},"end":{"line":24,"column":29}},"loc":{"start":{"line":24,"column":50},"end":{"line":24,"column":66}}},"2":{"name":"(anonymous_2)","decl":{"start":{"line":29,"column":12},"end":{"line":29,"column":15}},"loc":{"start":{"line":29,"column":17},"end":{"line":44,"column":3}}},"3":{"name":"(anonymous_3)","decl":{"start":{"line":30,"column":29},"end":{"line":30,"column":34}},"loc":{"start":{"line":30,"column":40},"end":{"line":39,"column":5}}}},"branchMap":{"0":{"loc":{"start":{"line":27,"column":21},"end":{"line":27,"column":41}},"type":"cond-expr","locations":[{"start":{"line":27,"column":29},"end":{"line":27,"column":33}},{"start":{"line":27,"column":36},"end":{"line":27,"column":41}}]},"1":{"loc":{"start":{"line":35,"column":23},"end":{"line":35,"column":35}},"type":"binary-expr","locations":[{"start":{"line":35,"column":23},"end":{"line":35,"column":27}},{"start":{"line":35,"column":31},"end":{"line":35,"column":35}}]},"2":{"loc":{"start":{"line":41,"column":4},"end":{"line":43,"column":5}},"type":"if","locations":[{"start":{"line":41,"column":4},"end":{"line":43,"column":5}}]}},"s":{"0":1,"1":1,"2":1,"3":1,"4":0,"5":0,"6":0,"7":0,"8":0,"9":0,"10":0,"11":0,"12":0,"13":0,"14":0,"15":0,"16":0,"17":0,"18":1,"19":1},"f":{"0":0,"1":0,"2":0,"3":0},"b":{"0":[0,0],"1":[0,0],"2":[0]}}
,"C:\\Start\\react-task\\src\\data\\validation\\formValidation.ts": {"path":"C:\\Start\\react-task\\src\\data\\validation\\formValidation.ts","statementMap":{"0":{"start":{"line":1,"column":0},"end":{"line":1,"column":22}},"1":{"start":{"line":3,"column":13},"end":{"line":28,"column":3}},"2":{"start":{"line":30,"column":13},"end":{"line":41,"column":3}}},"fnMap":{},"branchMap":{},"s":{"0":1,"1":1,"2":1},"f":{},"b":{}}
,"C:\\Start\\react-task\\src\\hooks\\useAuthentication.ts": {"path":"C:\\Start\\react-task\\src\\hooks\\useAuthentication.ts","statementMap":{"0":{"start":{"line":1,"column":0},"end":{"line":1,"column":42}},"1":{"start":{"line":2,"column":0},"end":{"line":2,"column":69}},"2":{"start":{"line":3,"column":0},"end":{"line":3,"column":71}},"3":{"start":{"line":8,"column":0},"end":{"line":8,"column":39}},"4":{"start":{"line":9,"column":0},"end":{"line":9,"column":47}},"5":{"start":{"line":10,"column":0},"end":{"line":10,"column":43}},"6":{"start":{"line":11,"column":0},"end":{"line":11,"column":47}},"7":{"start":{"line":14,"column":19},"end":{"line":14,"column":32}},"8":{"start":{"line":15,"column":19},"end":{"line":15,"column":32}},"9":{"start":{"line":16,"column":14},"end":{"line":16,"column":30}},"10":{"start":{"line":18,"column":23},"end":{"line":33,"column":3}},"11":{"start":{"line":19,"column":4},"end":{"line":32,"column":5}},"12":{"start":{"line":21,"column":6},"end":{"line":21,"column":30}},"13":{"start":{"line":22,"column":6},"end":{"line":22,"column":null}},"14":{"start":{"line":23,"column":6},"end":{"line":25,"column":9}},"15":{"start":{"line":27,"column":6},"end":{"line":31,"column":7}},"16":{"start":{"line":28,"column":8},"end":{"line":30,"column":11}},"17":{"start":{"line":35,"column":20},"end":{"line":56,"column":3}},"18":{"start":{"line":36,"column":4},"end":{"line":55,"column":5}},"19":{"start":{"line":38,"column":28},"end":{"line":38,"column":48}},"20":{"start":{"line":39,"column":20},"end":{"line":39,"column":38}},"21":{"start":{"line":40,"column":6},"end":{"line":40,"column":36}},"22":{"start":{"line":41,"column":6},"end":{"line":48,"column":7}},"23":{"start":{"line":43,"column":8},"end":{"line":43,"column":74}},"24":{"start":{"line":45,"column":8},"end":{"line":47,"column":11}},"25":{"start":{"line":50,"column":6},"end":{"line":54,"column":7}},"26":{"start":{"line":51,"column":8},"end":{"line":53,"column":11}},"27":{"start":{"line":58,"column":2},"end":{"line":58,"column":37}},"28":{"start":{"line":61,"column":0},"end":{"line":61,"column":33}}},"fnMap":{"0":{"name":"useAuthentication","decl":{"start":{"line":13,"column":9},"end":{"line":13,"column":26}},"loc":{"start":{"line":13,"column":26},"end":{"line":59,"column":1}}},"1":{"name":"(anonymous_1)","decl":{"start":{"line":18,"column":23},"end":{"line":18,"column":28}},"loc":{"start":{"line":18,"column":56},"end":{"line":33,"column":3}}},"2":{"name":"(anonymous_2)","decl":{"start":{"line":35,"column":20},"end":{"line":35,"column":25}},"loc":{"start":{"line":35,"column":50},"end":{"line":56,"column":3}}}},"branchMap":{"0":{"loc":{"start":{"line":27,"column":6},"end":{"line":31,"column":7}},"type":"if","locations":[{"start":{"line":27,"column":6},"end":{"line":31,"column":7}}]},"1":{"loc":{"start":{"line":41,"column":6},"end":{"line":48,"column":7}},"type":"if","locations":[{"start":{"line":41,"column":6},"end":{"line":48,"column":7}},{"start":{"line":44,"column":13},"end":{"line":48,"column":7}}]},"2":{"loc":{"start":{"line":50,"column":6},"end":{"line":54,"column":7}},"type":"if","locations":[{"start":{"line":50,"column":6},"end":{"line":54,"column":7}}]}},"s":{"0":1,"1":1,"2":1,"3":1,"4":1,"5":1,"6":1,"7":4,"8":4,"9":4,"10":4,"11":2,"12":2,"13":1,"14":1,"15":1,"16":1,"17":4,"18":2,"19":2,"20":1,"21":1,"22":1,"23":1,"24":0,"25":1,"26":1,"27":4,"28":1},"f":{"0":4,"1":2,"2":2},"b":{"0":[1],"1":[1,0],"2":[1]}}
,"C:\\Start\\react-task\\src\\hooks\\useUser.ts": {"path":"C:\\Start\\react-task\\src\\hooks\\useUser.ts","statementMap":{"0":{"start":{"line":1,"column":0},"end":{"line":1,"column":35}},"1":{"start":{"line":2,"column":0},"end":{"line":2,"column":59}},"2":{"start":{"line":4,"column":16},"end":{"line":10,"column":1}},"3":{"start":{"line":5,"column":18},"end":{"line":5,"column":41}},"4":{"start":{"line":6,"column":2},"end":{"line":8,"column":3}},"5":{"start":{"line":7,"column":4},"end":{"line":7,"column":67}},"6":{"start":{"line":9,"column":2},"end":{"line":9,"column":17}},"7":{"start":{"line":11,"column":0},"end":{"line":11,"column":23}}},"fnMap":{"0":{"name":"(anonymous_0)","decl":{"start":{"line":4,"column":16},"end":{"line":4,"column":19}},"loc":{"start":{"line":4,"column":21},"end":{"line":10,"column":1}}}},"branchMap":{"0":{"loc":{"start":{"line":6,"column":2},"end":{"line":8,"column":3}},"type":"if","locations":[{"start":{"line":6,"column":2},"end":{"line":8,"column":3}}]}},"s":{"0":1,"1":1,"2":1,"3":4,"4":4,"5":2,"6":2,"7":1},"f":{"0":4},"b":{"0":[2]}}
,"C:\\Start\\react-task\\src\\redux\\features\\slices\\auth\\authSlice.ts": {"path":"C:\\Start\\react-task\\src\\redux\\features\\slices\\auth\\authSlice.ts","statementMap":{"0":{"start":{"line":1,"column":0},"end":{"line":1,"column":62}},"1":{"start":{"line":3,"column":0},"end":{"line":3,"column":71}},"2":{"start":{"line":10,"column":45},"end":{"line":13,"column":2}},"3":{"start":{"line":15,"column":23},"end":{"line":24,"column":2}},"4":{"start":{"line":20,"column":6},"end":{"line":20,"column":45}},"5":{"start":{"line":21,"column":6},"end":{"line":21,"column":41}},"6":{"start":{"line":26,"column":0},"end":{"line":26,"column":38}},"7":{"start":{"line":27,"column":15},"end":{"line":27,"column":55}}},"fnMap":{"0":{"name":"(anonymous_0)","decl":{"start":{"line":19,"column":18},"end":{"line":19,"column":19}},"loc":{"start":{"line":19,"column":69},"end":{"line":22,"column":5}}}},"branchMap":{},"s":{"0":3,"1":3,"2":3,"3":3,"4":0,"5":0,"6":3,"7":3},"f":{"0":0},"b":{}}
,"C:\\Start\\react-task\\src\\redux\\features\\slices\\languages\\languageSlice.ts": {"path":"C:\\Start\\react-task\\src\\redux\\features\\slices\\languages\\languageSlice.ts","statementMap":{"0":{"start":{"line":1,"column":0},"end":{"line":1,"column":62}},"1":{"start":{"line":3,"column":0},"end":{"line":3,"column":71}},"2":{"start":{"line":5,"column":48},"end":{"line":7,"column":2}},"3":{"start":{"line":9,"column":22},"end":{"line":17,"column":2}},"4":{"start":{"line":14,"column":6},"end":{"line":14,"column":38}},"5":{"start":{"line":19,"column":0},"end":{"line":19,"column":37}},"6":{"start":{"line":20,"column":15},"end":{"line":20,"column":53}}},"fnMap":{"0":{"name":"(anonymous_0)","decl":{"start":{"line":13,"column":17},"end":{"line":13,"column":18}},"loc":{"start":{"line":13,"column":58},"end":{"line":15,"column":5}}}},"branchMap":{},"s":{"0":2,"1":2,"2":2,"3":2,"4":0,"5":2,"6":2},"f":{"0":0},"b":{}}
,"C:\\Start\\react-task\\src\\redux\\store\\store.ts": {"path":"C:\\Start\\react-task\\src\\redux\\store\\store.ts","statementMap":{"0":{"start":{"line":1,"column":0},"end":{"line":1,"column":50}},"1":{"start":{"line":2,"column":0},"end":{"line":2,"column":73}},"2":{"start":{"line":3,"column":0},"end":{"line":3,"column":65}},"3":{"start":{"line":4,"column":0},"end":{"line":4,"column":61}},"4":{"start":{"line":5,"column":0},"end":{"line":5,"column":48}},"5":{"start":{"line":6,"column":0},"end":{"line":6,"column":40}},"6":{"start":{"line":7,"column":0},"end":{"line":7,"column":34}},"7":{"start":{"line":9,"column":19},"end":{"line":13,"column":1}},"8":{"start":{"line":10,"column":2},"end":{"line":12,"column":20}},"9":{"start":{"line":15,"column":22},"end":{"line":18,"column":2}},"10":{"start":{"line":20,"column":20},"end":{"line":23,"column":2}},"11":{"start":{"line":25,"column":25},"end":{"line":25,"column":67}},"12":{"start":{"line":27,"column":14},"end":{"line":30,"column":2}},"13":{"start":{"line":33,"column":13},"end":{"line":33,"column":45}},"14":{"start":{"line":34,"column":0},"end":{"line":34,"column":21}}},"fnMap":{"0":{"name":"(anonymous_1)","decl":{"start":{"line":9,"column":19},"end":{"line":9,"column":20}},"loc":{"start":{"line":9,"column":49},"end":{"line":13,"column":1}}}},"branchMap":{},"s":{"0":1,"1":1,"2":1,"3":1,"4":1,"5":1,"6":1,"7":1,"8":1,"9":1,"10":1,"11":1,"12":1,"13":1,"14":1},"f":{"0":1},"b":{}}
,"C:\\Start\\react-task\\src\\services\\apiClient.ts": {"path":"C:\\Start\\react-task\\src\\services\\apiClient.ts","statementMap":{"0":{"start":{"line":1,"column":0},"end":{"line":1,"column":26}},"1":{"start":{"line":2,"column":0},"end":{"line":2,"column":66}},"2":{"start":{"line":3,"column":0},"end":{"line":3,"column":41}},"3":{"start":{"line":5,"column":18},"end":{"line":10,"column":2}},"4":{"start":{"line":12,"column":0},"end":{"line":22,"column":4}},"5":{"start":{"line":14,"column":20},"end":{"line":14,"column":36}},"6":{"start":{"line":15,"column":20},"end":{"line":15,"column":36}},"7":{"start":{"line":16,"column":6},"end":{"line":18,"column":7}},"8":{"start":{"line":17,"column":8},"end":{"line":17,"column":57}},"9":{"start":{"line":19,"column":6},"end":{"line":19,"column":20}},"10":{"start":{"line":21,"column":15},"end":{"line":21,"column":36}},"11":{"start":{"line":24,"column":0},"end":{"line":24,"column":25}}},"fnMap":{"0":{"name":"(anonymous_1)","decl":{"start":{"line":13,"column":4},"end":{"line":13,"column":5}},"loc":{"start":{"line":13,"column":15},"end":{"line":20,"column":5}}},"1":{"name":"(anonymous_2)","decl":{"start":{"line":21,"column":4},"end":{"line":21,"column":5}},"loc":{"start":{"line":21,"column":15},"end":{"line":21,"column":36}}}},"branchMap":{"0":{"loc":{"start":{"line":16,"column":6},"end":{"line":18,"column":7}},"type":"if","locations":[{"start":{"line":16,"column":6},"end":{"line":18,"column":7}}]}},"s":{"0":1,"1":1,"2":1,"3":1,"4":1,"5":0,"6":0,"7":0,"8":0,"9":0,"10":0,"11":1},"f":{"0":0,"1":0},"b":{"0":[0]}}
,"C:\\Start\\react-task\\src\\services\\userFetchServices.ts": {"path":"C:\\Start\\react-task\\src\\services\\userFetchServices.ts","statementMap":{"0":{"start":{"line":1,"column":0},"end":{"line":1,"column":66}},"1":{"start":{"line":2,"column":0},"end":{"line":2,"column":36}},"2":{"start":{"line":5,"column":26},"end":{"line":13,"column":3}},"3":{"start":{"line":6,"column":4},"end":{"line":12,"column":5}},"4":{"start":{"line":7,"column":23},"end":{"line":7,"column":47}},"5":{"start":{"line":9,"column":6},"end":{"line":9,"column":22}},"6":{"start":{"line":11,"column":6},"end":{"line":11,"column":56}},"7":{"start":{"line":5,"column":13},"end":{"line":5,"column":26}},"8":{"start":{"line":15,"column":31},"end":{"line":23,"column":3}},"9":{"start":{"line":16,"column":4},"end":{"line":22,"column":5}},"10":{"start":{"line":17,"column":23},"end":{"line":17,"column":99}},"11":{"start":{"line":19,"column":6},"end":{"line":19,"column":22}},"12":{"start":{"line":21,"column":6},"end":{"line":21,"column":60}},"13":{"start":{"line":15,"column":15},"end":{"line":15,"column":31}}},"fnMap":{"0":{"name":"(anonymous_1)","decl":{"start":{"line":5,"column":26},"end":{"line":5,"column":31}},"loc":{"start":{"line":5,"column":37},"end":{"line":13,"column":3}}},"1":{"name":"(anonymous_2)","decl":{"start":{"line":15,"column":31},"end":{"line":15,"column":36}},"loc":{"start":{"line":15,"column":42},"end":{"line":23,"column":3}}}},"branchMap":{},"s":{"0":1,"1":1,"2":1,"3":0,"4":0,"5":0,"6":0,"7":1,"8":1,"9":0,"10":0,"11":0,"12":0,"13":1},"f":{"0":0,"1":0},"b":{}}
,"C:\\Start\\react-task\\src\\utils\\constants\\app.constants.ts": {"path":"C:\\Start\\react-task\\src\\utils\\constants\\app.constants.ts","statementMap":{"0":{"start":{"line":1,"column":13},"end":{"line":10,"column":null}},"1":{"start":{"line":12,"column":13},"end":{"line":21,"column":null}},"2":{"start":{"line":23,"column":13},"end":{"line":26,"column":null}},"3":{"start":{"line":28,"column":13},"end":{"line":34,"column":null}}},"fnMap":{},"branchMap":{},"s":{"0":4,"1":4,"2":4,"3":4},"f":{},"b":{}}
}
