TN:
SF:src\components\atoms\Button.tsx
FN:11,(anonymous_0)
FNF:1
FNH:1
FNDA:22,(anonymous_0)
DA:11,3
DA:12,22
DA:19,3
LF:3
LH:3
BRDA:11,0,0,22
BRF:1
BRH:1
end_of_record
TN:
SF:src\components\atoms\Input.tsx
FN:16,(anonymous_0)
FNF:1
FNH:1
FNDA:49,(anonymous_0)
DA:16,2
DA:27,49
DA:44,2
LF:3
LH:3
BRDA:39,0,0,49
BRDA:39,0,1,0
BRF:2
BRH:1
end_of_record
TN:
SF:src\components\atoms\Option.tsx
FN:8,(anonymous_0)
FNF:1
FNH:1
FNDA:28,(anonymous_0)
DA:8,2
DA:9,28
DA:16,2
LF:3
LH:3
BRF:0
BRH:0
end_of_record
TN:
SF:src\components\atoms\Select.tsx
FN:17,(anonymous_1)
FN:23,(anonymous_2)
FNF:2
FNH:2
FNDA:14,(anonymous_1)
FNDA:28,(anonymous_2)
DA:2,2
DA:3,2
DA:17,2
DA:18,14
DA:19,14
DA:24,28
DA:32,2
LF:7
LH:7
BRDA:27,0,0,14
BRDA:27,0,1,0
BRF:2
BRH:1
end_of_record
TN:
SF:src\components\molecules\AuthForm.tsx
FN:26,(anonymous_1)
FN:40,(anonymous_2)
FN:66,(anonymous_3)
FN:82,(anonymous_4)
FN:98,(anonymous_5)
FN:114,(anonymous_6)
FN:129,(anonymous_7)
FN:150,(anonymous_8)
FN:166,(anonymous_9)
FN:209,(anonymous_10)
FN:231,(anonymous_11)
FNF:11
FNH:4
FNDA:15,(anonymous_1)
FNDA:2,(anonymous_2)
FNDA:0,(anonymous_3)
FNDA:0,(anonymous_4)
FNDA:0,(anonymous_5)
FNDA:0,(anonymous_6)
FNDA:0,(anonymous_7)
FNDA:0,(anonymous_8)
FNDA:0,(anonymous_9)
FNDA:1,(anonymous_10)
FNDA:1,(anonymous_11)
DA:2,1
DA:3,1
DA:4,1
DA:5,1
DA:11,1
DA:12,1
DA:13,1
DA:17,1
DA:18,1
DA:19,1
DA:20,1
DA:26,1
DA:27,15
DA:28,15
DA:29,15
DA:31,15
DA:36,15
DA:40,15
DA:41,2
DA:42,1
DA:44,1
DA:54,15
DA:210,1
DA:211,1
DA:232,1
DA:233,1
DA:245,1
LF:27
LH:27
BRDA:31,0,0,9
BRDA:31,0,1,6
BRDA:41,1,0,1
BRDA:41,1,1,1
BRDA:58,2,0,6
BRDA:58,2,1,9
BRDA:61,3,0,15
BRDA:61,3,1,9
BRDA:73,4,0,6
BRDA:73,4,1,3
BRDA:89,5,0,5
BRDA:89,5,1,4
BRDA:105,6,0,4
BRDA:105,6,1,5
BRDA:117,7,0,3
BRDA:117,7,1,6
BRDA:136,8,0,2
BRDA:136,8,1,7
BRDA:145,9,0,15
BRDA:145,9,1,6
BRDA:157,10,0,3
BRDA:157,10,1,3
BRDA:173,11,0,2
BRDA:173,11,1,4
BRDA:184,12,0,6
BRDA:184,12,1,9
BRDA:197,13,0,15
BRDA:197,13,1,6
BRDA:219,14,0,15
BRDA:219,14,1,9
BRF:30
BRH:30
end_of_record
TN:
SF:src\components\molecules\LanguageSelector.tsx
FN:9,(anonymous_1)
FN:13,(anonymous_2)
FN:20,(anonymous_3)
FN:23,(anonymous_4)
FNF:4
FNH:2
FNDA:5,(anonymous_1)
FNDA:0,(anonymous_2)
FNDA:0,(anonymous_3)
FNDA:5,(anonymous_4)
DA:1,1
DA:2,1
DA:3,1
DA:4,1
DA:6,1
DA:7,1
DA:9,1
DA:10,5
DA:11,5
DA:13,5
DA:14,0
DA:15,0
DA:16,0
DA:19,5
DA:20,0
DA:23,5
DA:24,5
DA:25,5
DA:29,5
DA:45,1
LF:20
LH:16
BRDA:24,0,0,5
BRF:1
BRH:1
end_of_record
TN:
SF:src\components\organisms\Navbar.tsx
FN:34,(anonymous_1)
FN:41,(anonymous_2)
FN:47,(anonymous_3)
FN:65,(anonymous_4)
FNF:4
FNH:4
FNDA:5,(anonymous_1)
FNDA:1,(anonymous_2)
FNDA:1,(anonymous_3)
FNDA:1,(anonymous_4)
DA:1,1
DA:2,1
DA:3,1
DA:4,1
DA:5,1
DA:6,1
DA:17,1
DA:18,1
DA:19,1
DA:34,1
DA:35,5
DA:36,5
DA:37,5
DA:38,5
DA:39,5
DA:41,5
DA:43,1
DA:44,1
DA:47,5
DA:48,1
DA:49,1
DA:53,5
DA:65,1
DA:90,1
LF:24
LH:24
BRDA:48,0,0,1
BRDA:57,1,0,5
BRDA:57,1,1,1
BRF:3
BRH:3
end_of_record
TN:
SF:src\components\styles\AuthFormStyles.ts
FNF:0
FNH:0
DA:1,1
DA:3,1
DA:16,1
DA:23,1
DA:43,1
DA:71,1
DA:90,1
DA:100,1
LF:8
LH:8
BRF:0
BRH:0
end_of_record
TN:
SF:src\components\styles\NavBarStyles.ts
FN:50,(anonymous_1)
FN:51,(anonymous_2)
FNF:2
FNH:2
FNDA:5,(anonymous_1)
FNDA:5,(anonymous_2)
DA:1,1
DA:3,1
DA:12,1
DA:17,1
DA:24,1
DA:28,1
DA:39,1
DA:50,5
DA:51,5
DA:55,1
DA:83,1
DA:111,1
LF:12
LH:12
BRDA:50,0,0,1
BRDA:50,0,1,4
BRDA:51,1,0,1
BRDA:51,1,1,4
BRF:4
BRH:4
end_of_record
TN:
SF:src\context\user\AuthProvider.tsx
FN:23,(anonymous_0)
FN:24,(anonymous_1)
FN:29,(anonymous_2)
FN:30,(anonymous_3)
FNF:4
FNH:0
FNDA:0,(anonymous_0)
FNDA:0,(anonymous_1)
FNDA:0,(anonymous_2)
FNDA:0,(anonymous_3)
DA:1,1
DA:2,1
DA:4,1
DA:23,1
DA:24,0
DA:25,0
DA:27,0
DA:29,0
DA:30,0
DA:31,0
DA:32,0
DA:33,0
DA:35,0
DA:37,0
DA:41,0
DA:42,0
DA:46,0
DA:53,1
DA:57,1
LF:19
LH:6
BRDA:27,0,0,0
BRDA:27,0,1,0
BRDA:35,1,0,0
BRDA:35,1,1,0
BRDA:41,2,0,0
BRF:5
BRH:0
end_of_record
TN:
SF:src\data\validation\formValidation.ts
FNF:0
FNH:0
DA:1,1
DA:3,1
DA:30,1
LF:3
LH:3
BRF:0
BRH:0
end_of_record
TN:
SF:src\hooks\useAuthentication.ts
FN:13,useAuthentication
FN:18,(anonymous_1)
FN:35,(anonymous_2)
FNF:3
FNH:3
FNDA:4,useAuthentication
FNDA:2,(anonymous_1)
FNDA:2,(anonymous_2)
DA:1,1
DA:2,1
DA:3,1
DA:8,1
DA:9,1
DA:10,1
DA:11,1
DA:14,4
DA:15,4
DA:16,4
DA:18,4
DA:19,2
DA:21,2
DA:22,1
DA:23,1
DA:27,1
DA:28,1
DA:35,4
DA:36,2
DA:38,2
DA:39,1
DA:40,1
DA:41,1
DA:43,1
DA:45,0
DA:50,1
DA:51,1
DA:58,4
DA:61,1
LF:29
LH:28
BRDA:27,0,0,1
BRDA:41,1,0,1
BRDA:41,1,1,0
BRDA:50,2,0,1
BRF:4
BRH:3
end_of_record
TN:
SF:src\hooks\useUser.ts
FN:4,(anonymous_0)
FNF:1
FNH:1
FNDA:4,(anonymous_0)
DA:1,1
DA:2,1
DA:4,1
DA:5,4
DA:6,4
DA:7,2
DA:9,2
DA:11,1
LF:8
LH:8
BRDA:6,0,0,2
BRF:1
BRH:1
end_of_record
TN:
SF:src\redux\features\slices\auth\authSlice.ts
FN:19,(anonymous_0)
FNF:1
FNH:0
FNDA:0,(anonymous_0)
DA:1,3
DA:3,3
DA:10,3
DA:15,3
DA:20,0
DA:21,0
DA:26,3
DA:27,3
LF:8
LH:6
BRF:0
BRH:0
end_of_record
TN:
SF:src\redux\features\slices\languages\languageSlice.ts
FN:13,(anonymous_0)
FNF:1
FNH:0
FNDA:0,(anonymous_0)
DA:1,2
DA:3,2
DA:5,2
DA:9,2
DA:14,0
DA:19,2
DA:20,2
LF:7
LH:6
BRF:0
BRH:0
end_of_record
TN:
SF:src\redux\store\store.ts
FN:9,(anonymous_1)
FNF:1
FNH:1
FNDA:1,(anonymous_1)
DA:1,1
DA:2,1
DA:3,1
DA:4,1
DA:5,1
DA:6,1
DA:7,1
DA:9,1
DA:10,1
DA:15,1
DA:20,1
DA:25,1
DA:27,1
DA:33,1
DA:34,1
LF:15
LH:15
BRF:0
BRH:0
end_of_record
TN:
SF:src\services\apiClient.ts
FN:13,(anonymous_1)
FN:21,(anonymous_2)
FNF:2
FNH:0
FNDA:0,(anonymous_1)
FNDA:0,(anonymous_2)
DA:1,1
DA:2,1
DA:3,1
DA:5,1
DA:12,1
DA:14,0
DA:15,0
DA:16,0
DA:17,0
DA:19,0
DA:21,0
DA:24,1
LF:12
LH:6
BRDA:16,0,0,0
BRF:1
BRH:0
end_of_record
TN:
SF:src\services\userFetchServices.ts
FN:5,(anonymous_1)
FN:15,(anonymous_2)
FNF:2
FNH:0
FNDA:0,(anonymous_1)
FNDA:0,(anonymous_2)
DA:1,1
DA:2,1
DA:5,1
DA:6,0
DA:7,0
DA:9,0
DA:11,0
DA:15,1
DA:16,0
DA:17,0
DA:19,0
DA:21,0
LF:12
LH:4
BRF:0
BRH:0
end_of_record
TN:
SF:src\utils\constants\app.constants.ts
FNF:0
FNH:0
DA:1,4
DA:12,4
DA:23,4
DA:28,4
LF:4
LH:4
BRF:0
BRH:0
end_of_record
